1627101149678|1|statement|connection 0|url jdbc:p6spy:h2:mem:testdb|select * from INFORMATION_SCHEMA.SEQUENCES|select * from INFORMATION_SCHEMA.SEQUENCES
1627101150057|1|statement|connection 0|url jdbc:p6spy:h2:mem:testdb|drop table if exists persons CASCADE |drop table if exists persons CASCADE 
1627101150065|6|statement|connection 0|url jdbc:p6spy:h2:mem:testdb|create table persons (id bigint generated by default as identity, name varchar(255), primary key (id))|create table persons (id bigint generated by default as identity, name varchar(255), primary key (id))
1627101150684|1|statement|connection 0|url jdbc:p6spy:h2:mem:testdb|insert into persons (id, name) values (null, ?)|insert into persons (id, name) values (null, 'dummy-0')
1627101150694|0|commit|connection 0|url jdbc:p6spy:h2:mem:testdb||
1627101150695|0|statement|connection 0|url jdbc:p6spy:h2:mem:testdb|insert into persons (id, name) values (null, ?)|insert into persons (id, name) values (null, 'dummy-1')
1627101150696|0|commit|connection 0|url jdbc:p6spy:h2:mem:testdb||
1627101150696|0|statement|connection 0|url jdbc:p6spy:h2:mem:testdb|insert into persons (id, name) values (null, ?)|insert into persons (id, name) values (null, 'dummy-2')
1627101150696|0|commit|connection 0|url jdbc:p6spy:h2:mem:testdb||
1627101150697|0|statement|connection 0|url jdbc:p6spy:h2:mem:testdb|insert into persons (id, name) values (null, ?)|insert into persons (id, name) values (null, 'dummy-3')
1627101150698|0|commit|connection 0|url jdbc:p6spy:h2:mem:testdb||
1627101150698|0|statement|connection 0|url jdbc:p6spy:h2:mem:testdb|insert into persons (id, name) values (null, ?)|insert into persons (id, name) values (null, 'dummy-4')
1627101150699|0|commit|connection 0|url jdbc:p6spy:h2:mem:testdb||
1627101234423|0|statement|connection 10|url jdbc:p6spy:h2:mem:testdb|drop table if exists persons CASCADE |drop table if exists persons CASCADE 
1627101238426|1|statement|connection 0|url jdbc:p6spy:h2:mem:testdb|select * from INFORMATION_SCHEMA.SEQUENCES|select * from INFORMATION_SCHEMA.SEQUENCES
1627101238724|1|statement|connection 0|url jdbc:p6spy:h2:mem:testdb|drop table if exists persons CASCADE |drop table if exists persons CASCADE 
1627101238732|6|statement|connection 0|url jdbc:p6spy:h2:mem:testdb|create table persons (id bigint generated by default as identity, name varchar(255), primary key (id))|create table persons (id bigint generated by default as identity, name varchar(255), primary key (id))
1627101239229|1|statement|connection 0|url jdbc:p6spy:h2:mem:testdb|insert into persons (id, name) values (null, ?)|insert into persons (id, name) values (null, 'dummy-0')
1627101239240|0|commit|connection 0|url jdbc:p6spy:h2:mem:testdb||
1627101239242|0|statement|connection 0|url jdbc:p6spy:h2:mem:testdb|insert into persons (id, name) values (null, ?)|insert into persons (id, name) values (null, 'dummy-1')
1627101239242|0|commit|connection 0|url jdbc:p6spy:h2:mem:testdb||
1627101239243|0|statement|connection 0|url jdbc:p6spy:h2:mem:testdb|insert into persons (id, name) values (null, ?)|insert into persons (id, name) values (null, 'dummy-2')
1627101239243|0|commit|connection 0|url jdbc:p6spy:h2:mem:testdb||
1627101239244|0|statement|connection 0|url jdbc:p6spy:h2:mem:testdb|insert into persons (id, name) values (null, ?)|insert into persons (id, name) values (null, 'dummy-3')
1627101239244|0|commit|connection 0|url jdbc:p6spy:h2:mem:testdb||
1627101239244|0|statement|connection 0|url jdbc:p6spy:h2:mem:testdb|insert into persons (id, name) values (null, ?)|insert into persons (id, name) values (null, 'dummy-4')
1627101239245|0|commit|connection 0|url jdbc:p6spy:h2:mem:testdb||
1627101373546|0|statement|connection 10|url jdbc:p6spy:h2:mem:testdb|drop table if exists persons CASCADE |drop table if exists persons CASCADE 
1627101378081|1|statement|connection 0|url jdbc:p6spy:h2:mem:testdb|select * from INFORMATION_SCHEMA.SEQUENCES|select * from INFORMATION_SCHEMA.SEQUENCES
1627101378356|1|statement|connection 0|url jdbc:p6spy:h2:mem:testdb|drop table if exists persons CASCADE |drop table if exists persons CASCADE 
1627101378363|5|statement|connection 0|url jdbc:p6spy:h2:mem:testdb|create table persons (id bigint generated by default as identity, name varchar(255), primary key (id))|create table persons (id bigint generated by default as identity, name varchar(255), primary key (id))
1627101378843|1|statement|connection 0|url jdbc:p6spy:h2:mem:testdb|insert into persons (id, name) values (null, ?)|insert into persons (id, name) values (null, 'dummy-0')
1627101378851|0|commit|connection 0|url jdbc:p6spy:h2:mem:testdb||
1627101378852|0|statement|connection 0|url jdbc:p6spy:h2:mem:testdb|insert into persons (id, name) values (null, ?)|insert into persons (id, name) values (null, 'dummy-1')
1627101378853|0|commit|connection 0|url jdbc:p6spy:h2:mem:testdb||
1627101378853|0|statement|connection 0|url jdbc:p6spy:h2:mem:testdb|insert into persons (id, name) values (null, ?)|insert into persons (id, name) values (null, 'dummy-2')
1627101378853|0|commit|connection 0|url jdbc:p6spy:h2:mem:testdb||
1627101378854|0|statement|connection 0|url jdbc:p6spy:h2:mem:testdb|insert into persons (id, name) values (null, ?)|insert into persons (id, name) values (null, 'dummy-3')
1627101378854|0|commit|connection 0|url jdbc:p6spy:h2:mem:testdb||
1627101378854|0|statement|connection 0|url jdbc:p6spy:h2:mem:testdb|insert into persons (id, name) values (null, ?)|insert into persons (id, name) values (null, 'dummy-4')
1627101378854|0|commit|connection 0|url jdbc:p6spy:h2:mem:testdb||
1627101422643|0|statement|connection 10|url jdbc:p6spy:h2:mem:testdb|drop table if exists persons CASCADE |drop table if exists persons CASCADE 
1627101426626|1|statement|connection 0|url jdbc:p6spy:h2:mem:testdb|select * from INFORMATION_SCHEMA.SEQUENCES|select * from INFORMATION_SCHEMA.SEQUENCES
1627101426902|1|statement|connection 0|url jdbc:p6spy:h2:mem:testdb|drop table if exists persons CASCADE |drop table if exists persons CASCADE 
1627101426908|5|statement|connection 0|url jdbc:p6spy:h2:mem:testdb|create table persons (id bigint generated by default as identity, name varchar(255), primary key (id))|create table persons (id bigint generated by default as identity, name varchar(255), primary key (id))
1627101427391|1|statement|connection 0|url jdbc:p6spy:h2:mem:testdb|insert into persons (id, name) values (null, ?)|insert into persons (id, name) values (null, 'dummy-0')
1627101427401|0|commit|connection 0|url jdbc:p6spy:h2:mem:testdb||
1627101427401|0|statement|connection 0|url jdbc:p6spy:h2:mem:testdb|insert into persons (id, name) values (null, ?)|insert into persons (id, name) values (null, 'dummy-1')
1627101427402|0|commit|connection 0|url jdbc:p6spy:h2:mem:testdb||
1627101427402|0|statement|connection 0|url jdbc:p6spy:h2:mem:testdb|insert into persons (id, name) values (null, ?)|insert into persons (id, name) values (null, 'dummy-2')
1627101427403|0|commit|connection 0|url jdbc:p6spy:h2:mem:testdb||
1627101427403|0|statement|connection 0|url jdbc:p6spy:h2:mem:testdb|insert into persons (id, name) values (null, ?)|insert into persons (id, name) values (null, 'dummy-3')
1627101427403|0|commit|connection 0|url jdbc:p6spy:h2:mem:testdb||
1627101427404|0|statement|connection 0|url jdbc:p6spy:h2:mem:testdb|insert into persons (id, name) values (null, ?)|insert into persons (id, name) values (null, 'dummy-4')
1627101427404|0|commit|connection 0|url jdbc:p6spy:h2:mem:testdb||
1627101515979|0|statement|connection 10|url jdbc:p6spy:h2:mem:testdb|drop table if exists persons CASCADE |drop table if exists persons CASCADE 
1627101520107|1|statement|connection 0|url jdbc:p6spy:h2:mem:testdb|select * from INFORMATION_SCHEMA.SEQUENCES|select * from INFORMATION_SCHEMA.SEQUENCES
1627101520386|1|statement|connection 0|url jdbc:p6spy:h2:mem:testdb|drop table if exists persons CASCADE |drop table if exists persons CASCADE 
1627101520393|5|statement|connection 0|url jdbc:p6spy:h2:mem:testdb|create table persons (id bigint generated by default as identity, name varchar(255), primary key (id))|create table persons (id bigint generated by default as identity, name varchar(255), primary key (id))
1627101520892|1|statement|connection 0|url jdbc:p6spy:h2:mem:testdb|insert into persons (id, name) values (null, ?)|insert into persons (id, name) values (null, 'dummy-0')
1627101520901|0|commit|connection 0|url jdbc:p6spy:h2:mem:testdb||
1627101520902|0|statement|connection 0|url jdbc:p6spy:h2:mem:testdb|insert into persons (id, name) values (null, ?)|insert into persons (id, name) values (null, 'dummy-1')
1627101520902|0|commit|connection 0|url jdbc:p6spy:h2:mem:testdb||
1627101520903|0|statement|connection 0|url jdbc:p6spy:h2:mem:testdb|insert into persons (id, name) values (null, ?)|insert into persons (id, name) values (null, 'dummy-2')
1627101520903|0|commit|connection 0|url jdbc:p6spy:h2:mem:testdb||
1627101520904|0|statement|connection 0|url jdbc:p6spy:h2:mem:testdb|insert into persons (id, name) values (null, ?)|insert into persons (id, name) values (null, 'dummy-3')
1627101520904|0|commit|connection 0|url jdbc:p6spy:h2:mem:testdb||
1627101520905|0|statement|connection 0|url jdbc:p6spy:h2:mem:testdb|insert into persons (id, name) values (null, ?)|insert into persons (id, name) values (null, 'dummy-4')
1627101520905|0|commit|connection 0|url jdbc:p6spy:h2:mem:testdb||
1627101543833|1|statement|connection 0|url jdbc:p6spy:h2:mem:testdb|select * from INFORMATION_SCHEMA.SEQUENCES|select * from INFORMATION_SCHEMA.SEQUENCES
1627101544111|1|statement|connection 0|url jdbc:p6spy:h2:mem:testdb|drop table if exists persons CASCADE |drop table if exists persons CASCADE 
1627101544118|5|statement|connection 0|url jdbc:p6spy:h2:mem:testdb|create table persons (id bigint generated by default as identity, name varchar(255), primary key (id))|create table persons (id bigint generated by default as identity, name varchar(255), primary key (id))
1627101544614|1|statement|connection 0|url jdbc:p6spy:h2:mem:testdb|insert into persons (id, name) values (null, ?)|insert into persons (id, name) values (null, 'dummy-0')
1627101544622|0|commit|connection 0|url jdbc:p6spy:h2:mem:testdb||
1627101544623|0|statement|connection 0|url jdbc:p6spy:h2:mem:testdb|insert into persons (id, name) values (null, ?)|insert into persons (id, name) values (null, 'dummy-1')
1627101544624|0|commit|connection 0|url jdbc:p6spy:h2:mem:testdb||
1627101544624|0|statement|connection 0|url jdbc:p6spy:h2:mem:testdb|insert into persons (id, name) values (null, ?)|insert into persons (id, name) values (null, 'dummy-2')
1627101544624|0|commit|connection 0|url jdbc:p6spy:h2:mem:testdb||
1627101544625|0|statement|connection 0|url jdbc:p6spy:h2:mem:testdb|insert into persons (id, name) values (null, ?)|insert into persons (id, name) values (null, 'dummy-3')
1627101544625|0|commit|connection 0|url jdbc:p6spy:h2:mem:testdb||
1627101544625|0|statement|connection 0|url jdbc:p6spy:h2:mem:testdb|insert into persons (id, name) values (null, ?)|insert into persons (id, name) values (null, 'dummy-4')
1627101544626|0|commit|connection 0|url jdbc:p6spy:h2:mem:testdb||
1627101602928|2|statement|connection 0|select * from INFORMATION_SCHEMA.SEQUENCES|
1627101603205|1|statement|connection 0|drop table if exists persons CASCADE |
1627101603212|5|statement|connection 0|create table persons (id bigint generated by default as identity, name varchar(255), primary key (id))|
1627101603701|2|statement|connection 0|insert into persons (id, name) values (null, ?)|insert into persons (id, name) values (null, 'dummy-0')
1627101603714|0|commit|connection 0||
1627101603716|0|statement|connection 0|insert into persons (id, name) values (null, ?)|insert into persons (id, name) values (null, 'dummy-1')
1627101603716|0|commit|connection 0||
1627101603717|0|statement|connection 0|insert into persons (id, name) values (null, ?)|insert into persons (id, name) values (null, 'dummy-2')
1627101603717|0|commit|connection 0||
1627101603718|0|statement|connection 0|insert into persons (id, name) values (null, ?)|insert into persons (id, name) values (null, 'dummy-3')
1627101603718|0|commit|connection 0||
1627101603719|0|statement|connection 0|insert into persons (id, name) values (null, ?)|insert into persons (id, name) values (null, 'dummy-4')
1627101603719|0|commit|connection 0||
1627101624337|1|statement|connection 0|select * from INFORMATION_SCHEMA.SEQUENCES|
1627101624609|1|statement|connection 0|drop table if exists persons CASCADE |
1627101624617|6|statement|connection 0|create table persons (id bigint generated by default as identity, name varchar(255), primary key (id))|
1627101625108|1|statement|connection 0|insert into persons (id, name) values (null, ?)|insert into persons (id, name) values (null, 'dummy-0')
1627101625118|0|commit|connection 0||
1627101625119|0|statement|connection 0|insert into persons (id, name) values (null, ?)|insert into persons (id, name) values (null, 'dummy-1')
1627101625120|0|commit|connection 0||
1627101625121|0|statement|connection 0|insert into persons (id, name) values (null, ?)|insert into persons (id, name) values (null, 'dummy-2')
1627101625121|0|commit|connection 0||
1627101625122|0|statement|connection 0|insert into persons (id, name) values (null, ?)|insert into persons (id, name) values (null, 'dummy-3')
1627101625122|0|commit|connection 0||
1627101625122|0|statement|connection 0|insert into persons (id, name) values (null, ?)|insert into persons (id, name) values (null, 'dummy-4')
1627101625123|0|commit|connection 0||
